S1 - From Scratch: all layers trainable
Using device: cpu

Training S1 for 5 epochs...
============================================================
Epoch 1/5 | Train Loss: 1.8562 | Train Acc: 0.3022 | Val Loss: 1.8794 | Val Acc: 0.4755
Epoch 2/5 | Train Loss: 1.6694 | Train Acc: 0.3873 | Val Loss: 1.5450 | Val Acc: 0.4605
Epoch 3/5 | Train Loss: 1.5684 | Train Acc: 0.4103 | Val Loss: 1.6213 | Val Acc: 0.3177
Epoch 4/5 | Train Loss: 1.5160 | Train Acc: 0.4775 | Val Loss: 1.5489 | Val Acc: 0.4156
Epoch 5/5 | Train Loss: 1.4625 | Train Acc: 0.4884 | Val Loss: 1.4105 | Val Acc: 0.4515

Best validation accuracy for S1: 0.4755

Results for S1:
========================================
Balanced Accuracy : 0.4095
Macro AUC         : 0.8206
========================================

Per-class Report:
              precision    recall  f1-score   support

         MEL       0.25      0.59      0.35       112
          NV       0.98      0.46      0.62       671
         BCC       0.27      0.81      0.40        52
       AKIEC       0.05      0.12      0.07        32
         BKL       0.13      0.17      0.15       110
          DF       0.00      0.00      0.00        11
        VASC       0.29      0.71      0.41        14

    accuracy                           0.45      1002
   macro avg       0.28      0.41      0.29      1002
weighted avg       0.72      0.45      0.50      1002

Z:\Jasmins_Studies\DeepLearning\Project\evaluation\metrics.py:87: UserWarning: FigureCanvasAgg is non-interactive, and thus cannot be shown
  plt.show()
Confusion matrix saved to figures/S1_confusion_matrix.png
Z:\Jasmins_Studies\DeepLearning\Project\evaluation\plots.py:51: UserWarning: FigureCanvasAgg is non-interactive, and thus cannot be shown
  plt.show()
Training curves saved to figures/S1_training_curves.png
