S3 - Gradual Unfreeze: starts frozen, blocks unfrozen during training
Using device: cpu

Training S3 for 5 epochs...
============================================================
Epoch 1/5 | Train Loss: 1.4748 | Train Acc: 0.5624 | Val Loss: 1.1523 | Val Acc: 0.5974
Block 1 unfrozen
Epoch 2/5 | Train Loss: 1.1900 | Train Acc: 0.6208 | Val Loss: 1.1227 | Val Acc: 0.6224
Block 2 unfrozen
Epoch 3/5 | Train Loss: 1.1451 | Train Acc: 0.6347 | Val Loss: 1.0953 | Val Acc: 0.6394
Block 3 unfrozen
Epoch 4/5 | Train Loss: 1.1020 | Train Acc: 0.6428 | Val Loss: 1.0502 | Val Acc: 0.6164
Block 4 unfrozen
Epoch 5/5 | Train Loss: 1.0071 | Train Acc: 0.6599 | Val Loss: 0.9619 | Val Acc: 0.6414

Best validation accuracy for S3: 0.6414

Results for S3:
========================================
Balanced Accuracy : 0.661
Macro AUC         : 0.9148
========================================

Per-class Report:
              precision    recall  f1-score   support

         MEL       0.33      0.54      0.41       112
          NV       0.97      0.64      0.77       671
         BCC       0.44      0.69      0.54        52
       AKIEC       0.43      0.69      0.53        32
         BKL       0.45      0.68      0.54       110
          DF       0.24      0.45      0.31        11
        VASC       0.22      0.93      0.35        14

    accuracy                           0.64      1002
   macro avg       0.44      0.66      0.49      1002
weighted avg       0.78      0.64      0.68      1002

Z:\Jasmins_Studies\DeepLearning\Project\evaluation\metrics.py:87: UserWarning: FigureCanvasAgg is non-interactive, and thus cannot be shown
  plt.show()
Confusion matrix saved to results/S3_confusion_matrix.png
Z:\Jasmins_Studies\DeepLearning\Project\evaluation\plots.py:51: UserWarning: FigureCanvasAgg is non-interactive, and thus cannot be shown
  plt.show()
Training curves saved to results/S3_training_curves.png
